[dhdDelta():14.34.17.0011] - Did not find FalconCommon.txt
[dhdComUSB::dhdComUSB():14.34.17.0012] - Constructor
[dhdDelta():14.34.17.0016] - Did not find FalconCommon.txt
[dhdComUSB::dhdComUSB():14.34.17.0016] - Constructor
[dhdDelta():14.34.17.0020] - Did not find FalconCommon.txt
[dhdComUSB::dhdComUSB():14.34.17.0020] - Constructor
[dhdDelta():14.34.17.0023] - Did not find FalconCommon.txt
[dhdComUSB::dhdComUSB():14.34.17.0024] - Constructor
[dhdDelta():14.34.17.0027] - Did not find FalconCommon.txt
[dhdComUSB::dhdComUSB():14.34.17.0028] - Constructor
[dhdDelta():14.34.17.0031] - Did not find FalconCommon.txt
[dhdComUSB::dhdComUSB():14.34.17.0032] - Constructor
[dhdDelta():14.34.17.0035] - Did not find FalconCommon.txt
[dhdComUSB::dhdComUSB():14.34.17.0035] - Constructor
[dhdDelta():14.34.17.0039] - Did not find FalconCommon.txt
[dhdComUSB::dhdComUSB():14.34.17.0039] - Constructor
[dhdDelta():14.34.17.0042] - Did not find FalconCommon.txt
[dhdComUSB::dhdComUSB():14.34.17.0042] - Constructor
[dhdDelta():14.34.17.0046] - Did not find FalconCommon.txt
[dhdComUSB::dhdComUSB():14.34.17.0046] - Constructor
[dhdOpenWithReset():14.34.17.1537] - currentDevice = 0, l_serNum = 16000011, is NOT smart
[dhdOpenWithReset():14.34.17.1971] - l_serNum after getFileName = 16000011
[dhdOpenWithReset():14.34.17.1974] - Found falcon_12_0101.bin at C:\Program Files (x86)\novint\HDAL_SDK_3.0.27\bin\falcon_12_0101.bin
[dhdOpenWithReset():14.34.17.1974] - comUSB[0]open(16000011, C:\Program Files (x86)\novint\HDAL_SDK_3.0.27\bin\falcon_12_0101.bin, False)
[dhdComUSB::open():14.34.17.1975] - Open(C:\Program Files (x86)\novint\HDAL_SDK_3.0.27\bin\falcon_12_0101.bin, false)
[dhdComUSB::open():14.34.17.2076] - OpenUSBPort succeeded after 1 tries
[dhdComUSB::open():14.34.17.2076] - deviceType = 0
[dhdComUSB::open():14.34.17.2077] - deviceID   = 67357512d
[dhdComUSB::open():14.34.17.2077] - deviceSN   = 16000011
[dhdComUSB::open():14.34.17.2077] - deviceDesc = FALCON HAPTIC
[dhdComUSB::OpenDeviceCommunications():14.34.17.2106] - Set Baud Rate Status: 0
[dhdComUSB::OpenDeviceCommunications():14.34.17.2313] - update() okay after 1 updates
[dhdComUSB::OpenDeviceCommunications():14.34.17.2313] - Returning 0
[dhdComUSB::changeGrip():14.34.17.4314] - New Grip: G_A
[dhdComUSB::changeGrip():14.34.17.4320] - Started grip change
[changeGripThreadFunc::14.34.17.4322] - deleting old grip object
[changeGripThreadFunc::14.34.17.4322] - Loading grip type G_A
[changeGripThreadFunc::14.34.17.4354] - Loading delta
[dhdDelta():14.34.17.4358] - Did not find FalconCommon.txt
[changeGripThreadFunc::14.34.17.4358] - Done loading new grip
[dhdComUSB::processData():14.34.17.5747] - G_A
[dhdComUSB::tryCalibration():14.34.18.1997] - HomeDisabled, LED Blue
[dhdComUSB::processData():14.34.18.6094] - G_A
[dhdComUSB::dhdComUSB():14.35.17.2966] - Constructor
[dhdComUSB::close():14.35.17.2966] - Closed
