[dhdDelta():16.04.34.0011] - Did not find FalconCommon.txt
[dhdComUSB::dhdComUSB():16.04.34.0012] - Constructor
[dhdDelta():16.04.34.0015] - Did not find FalconCommon.txt
[dhdComUSB::dhdComUSB():16.04.34.0016] - Constructor
[dhdDelta():16.04.34.0019] - Did not find FalconCommon.txt
[dhdComUSB::dhdComUSB():16.04.34.0020] - Constructor
[dhdDelta():16.04.34.0023] - Did not find FalconCommon.txt
[dhdComUSB::dhdComUSB():16.04.34.0023] - Constructor
[dhdDelta():16.04.34.0027] - Did not find FalconCommon.txt
[dhdComUSB::dhdComUSB():16.04.34.0027] - Constructor
[dhdDelta():16.04.34.0030] - Did not find FalconCommon.txt
[dhdComUSB::dhdComUSB():16.04.34.0031] - Constructor
[dhdDelta():16.04.34.0034] - Did not find FalconCommon.txt
[dhdComUSB::dhdComUSB():16.04.34.0035] - Constructor
[dhdDelta():16.04.34.0038] - Did not find FalconCommon.txt
[dhdComUSB::dhdComUSB():16.04.34.0038] - Constructor
[dhdDelta():16.04.34.0041] - Did not find FalconCommon.txt
[dhdComUSB::dhdComUSB():16.04.34.0041] - Constructor
[dhdDelta():16.04.34.0045] - Did not find FalconCommon.txt
[dhdComUSB::dhdComUSB():16.04.34.0045] - Constructor
[dhdOpenWithReset():16.04.34.1542] - currentDevice = 0, l_serNum = 16000011, is NOT smart
[dhdOpenWithReset():16.04.34.1987] - l_serNum after getFileName = 16000011
[dhdOpenWithReset():16.04.34.1990] - Found falcon_12_0101.bin at C:\Program Files (x86)\novint\HDAL_SDK_3.0.27\bin\falcon_12_0101.bin
[dhdOpenWithReset():16.04.34.1990] - comUSB[0]open(16000011, C:\Program Files (x86)\novint\HDAL_SDK_3.0.27\bin\falcon_12_0101.bin, False)
[dhdComUSB::open():16.04.34.1991] - Open(C:\Program Files (x86)\novint\HDAL_SDK_3.0.27\bin\falcon_12_0101.bin, false)
[dhdComUSB::open():16.04.34.2091] - OpenUSBPort succeeded after 1 tries
[dhdComUSB::open():16.04.34.2092] - deviceType = 0
[dhdComUSB::open():16.04.34.2092] - deviceID   = 67357512d
[dhdComUSB::open():16.04.34.2092] - deviceSN   = 16000011
[dhdComUSB::open():16.04.34.2092] - deviceDesc = FALCON HAPTIC
[dhdComUSB::OpenDeviceCommunications():16.04.34.2121] - Set Baud Rate Status: 0
[dhdComUSB::OpenDeviceCommunications():16.04.34.2418] - update() okay after 1 updates
[dhdComUSB::OpenDeviceCommunications():16.04.34.2418] - Returning 0
[dhdComUSB::changeGrip():16.04.34.4418] - New Grip: G_A
[dhdComUSB::changeGrip():16.04.34.4425] - Started grip change
[changeGripThreadFunc::16.04.34.4426] - deleting old grip object
[changeGripThreadFunc::16.04.34.4427] - Loading grip type G_A
[changeGripThreadFunc::16.04.34.4457] - Loading delta
[dhdDelta():16.04.34.4460] - Did not find FalconCommon.txt
[changeGripThreadFunc::16.04.34.4461] - Done loading new grip
[dhdComUSB::processData():16.04.34.4719] - G_A
[dhdComUSB::tryCalibration():16.04.34.5510] - HomeDisabled, LED Blue
[dhdComUSB::processData():16.04.35.5789] - G_A
[dhdComUSB::dhdComUSB():16.06.30.9150] - Constructor
[dhdComUSB::close():16.06.30.9151] - Closed
