[dhdDelta():14.31.46.0014] - Did not find FalconCommon.txt
[dhdComUSB::dhdComUSB():14.31.46.0015] - Constructor
[dhdDelta():14.31.46.0020] - Did not find FalconCommon.txt
[dhdComUSB::dhdComUSB():14.31.46.0020] - Constructor
[dhdDelta():14.31.46.0025] - Did not find FalconCommon.txt
[dhdComUSB::dhdComUSB():14.31.46.0025] - Constructor
[dhdDelta():14.31.46.0030] - Did not find FalconCommon.txt
[dhdComUSB::dhdComUSB():14.31.46.0030] - Constructor
[dhdDelta():14.31.46.0035] - Did not find FalconCommon.txt
[dhdComUSB::dhdComUSB():14.31.46.0035] - Constructor
[dhdDelta():14.31.46.0040] - Did not find FalconCommon.txt
[dhdComUSB::dhdComUSB():14.31.46.0041] - Constructor
[dhdDelta():14.31.46.0046] - Did not find FalconCommon.txt
[dhdComUSB::dhdComUSB():14.31.46.0046] - Constructor
[dhdDelta():14.31.46.0050] - Did not find FalconCommon.txt
[dhdComUSB::dhdComUSB():14.31.46.0051] - Constructor
[dhdDelta():14.31.46.0055] - Did not find FalconCommon.txt
[dhdComUSB::dhdComUSB():14.31.46.0056] - Constructor
[dhdDelta():14.31.46.0060] - Did not find FalconCommon.txt
[dhdComUSB::dhdComUSB():14.31.46.0060] - Constructor
[dhdOpenWithReset():14.31.46.1520] - currentDevice = 0, l_serNum = 16000011, is NOT smart
[dhdOpenWithReset():14.31.46.1955] - l_serNum after getFileName = 16000011
[dhdOpenWithReset():14.31.46.1958] - Found falcon_12_0101.bin at C:\Program Files (x86)\novint\HDAL_SDK_3.0.27\bin\falcon_12_0101.bin
[dhdOpenWithReset():14.31.46.1958] - comUSB[0]open(16000011, C:\Program Files (x86)\novint\HDAL_SDK_3.0.27\bin\falcon_12_0101.bin, False)
[dhdComUSB::open():14.31.46.1958] - Open(C:\Program Files (x86)\novint\HDAL_SDK_3.0.27\bin\falcon_12_0101.bin, false)
[dhdComUSB::open():14.31.46.2050] - OpenUSBPort succeeded after 1 tries
[dhdComUSB::open():14.31.46.2050] - deviceType = 0
[dhdComUSB::open():14.31.46.2050] - deviceID   = 67357512d
[dhdComUSB::open():14.31.46.2050] - deviceSN   = 16000011
[dhdComUSB::open():14.31.46.2050] - deviceDesc = FALCON HAPTIC
[dhdComUSB::OpenDeviceCommunications():14.31.46.2079] - Set Baud Rate Status: 0
[dhdComUSB::OpenDeviceCommunications():14.31.46.2333] - update() okay after 1 updates
[dhdComUSB::OpenDeviceCommunications():14.31.46.2333] - Returning 0
[dhdComUSB::changeGrip():14.31.46.4333] - New Grip: G_A
[dhdComUSB::changeGrip():14.31.46.4335] - Started grip change
[changeGripThreadFunc::14.31.46.4342] - deleting old grip object
[changeGripThreadFunc::14.31.46.4342] - Loading grip type G_A
[changeGripThreadFunc::14.31.46.4372] - Loading delta
[dhdDelta():14.31.46.4375] - Did not find FalconCommon.txt
[changeGripThreadFunc::14.31.46.4375] - Done loading new grip
[dhdComUSB::processData():14.31.46.5766] - G_A
[dhdComUSB::tryCalibration():14.31.47.2015] - HomeDisabled, LED Blue
[dhdComUSB::dhdComUSB():14.31.51.4029] - Constructor
[dhdComUSB::close():14.31.51.4030] - Closed
